==86687== Memcheck, a memory error detector
==86687== Copyright (C) 2002-2017, and GNU GPL'd, by Julian Seward et al.
==86687== Using Valgrind-3.18.1 and LibVEX; rerun with -h for copyright info
==86687== Command: ./minishell_prog
==86687== Parent PID: 84449
==86687== 
==86687== 
==86687== HEAP SUMMARY:
==86687==     in use at exit: 204,165 bytes in 221 blocks
==86687==   total heap usage: 521 allocs, 300 frees, 229,756 bytes allocated
==86687== 
==86687== LEAK SUMMARY:
==86687==    definitely lost: 0 bytes in 0 blocks
==86687==    indirectly lost: 0 bytes in 0 blocks
==86687==      possibly lost: 0 bytes in 0 blocks
==86687==    still reachable: 204,165 bytes in 221 blocks
==86687==         suppressed: 0 bytes in 0 blocks
==86687== Rerun with --leak-check=full to see details of leaked memory
==86687== 
==86687== For lists of detected and suppressed errors, rerun with: -s
==86687== ERROR SUMMARY: 0 errors from 0 contexts (suppressed: 0 from 0)

